2017/11/07 01:11 - Login failed. The login is from an untrusted domain and cannot be used with Windows authentication.
2017/11/07 01:13 - Login failed. The login is from an untrusted domain and cannot be used with Windows authentication.
2017/11/07 01:14 - Login failed. The login is from an untrusted domain and cannot be used with Windows authentication.
2017/11/07 01:15 - Login failed. The login is from an untrusted domain and cannot be used with Windows authentication.
2017/11/07 01:16 - Login failed. The login is from an untrusted domain and cannot be used with Windows authentication.
2017/11/07 01:17 - Login failed. The login is from an untrusted domain and cannot be used with Windows authentication.
2017/11/07 03:52 - Login failed. The login is from an untrusted domain and cannot be used with Windows authentication.
2017/11/07 04:00 - Login failed. The login is from an untrusted domain and cannot be used with Windows authentication.
2017/11/07 04:02 - Login failed. The login is from an untrusted domain and cannot be used with Windows authentication.
2017/11/07 04:07 - Login failed. The login is from an untrusted domain and cannot be used with Windows authentication.
2017/11/07 05:40 - Login failed. The login is from an untrusted domain and cannot be used with Windows authentication.
2017/11/08 10:33 - Login failed. The login is from an untrusted domain and cannot be used with Windows authentication.
2017/11/08 10:36 - Login failed. The login is from an untrusted domain and cannot be used with Windows authentication.
2017/11/08 10:37 - Login failed. The login is from an untrusted domain and cannot be used with Windows authentication.
2017/11/08 11:03 - SqlDateTime overflow. Must be between 1/1/1753 12:00:00 AM and 12/31/9999 11:59:59 PM.
2017/11/08 11:06 - The INSERT statement conflicted with the FOREIGN KEY constraint "FK_ATT_Attendance_EMP_PersonalDetail1". The conflict occurred in database "AMS_PM_Attendance", table "dbo.EMP_PersonalDetail", column 'PersonalId'.
The statement has been terminated.
2017/11/08 11:40 - Incorrect syntax near the keyword 'where'.
2017/11/08 11:42 - Incorrect syntax near the keyword 'where'.
2017/11/08 02:13 - Invalid column name 'id'.
2017/11/08 03:32 - Invalid column name 'id'.
2017/11/08 03:40 - Invalid column name 'id'.
2017/11/08 04:00 - Invalid column name 'id'.
2017/11/09 10:39 - A network-related or instance-specific error occurred while establishing a connection to SQL Server. The server was not found or was not accessible. Verify that the instance name is correct and that SQL Server is configured to allow remote connections. (provider: Named Pipes Provider, error: 40 - Could not open a connection to SQL Server)
2017/11/09 10:42 - Invalid column name 'id'.
2017/11/09 10:45 - Invalid column name 'id'.
2017/11/09 11:57 - Must declare the scalar variable "@OutTime".
2017/11/09 11:59 - There are more columns in the INSERT statement than values specified in the VALUES clause. The number of values in the VALUES clause must match the number of columns specified in the INSERT statement.
2017/11/09 12:01 - The INSERT statement conflicted with the FOREIGN KEY constraint "FK_ATT_Attendance_EMP_PersonalDetail1". The conflict occurred in database "AMS_PM_Attendance", table "dbo.EMP_PersonalDetail", column 'PersonalId'.
The statement has been terminated.
2017/11/09 12:15 - The INSERT statement conflicted with the FOREIGN KEY constraint "FK_ATT_Attendance_EMP_PersonalDetail1". The conflict occurred in database "AMS_PM_Attendance", table "dbo.EMP_PersonalDetail", column 'PersonalId'.
The statement has been terminated.
2017/11/10 12:56 - The INSERT statement conflicted with the FOREIGN KEY constraint "FK_ATT_Attendance_EMP_PersonalDetail1". The conflict occurred in database "AMS_PM_Attendance", table "dbo.EMP_PersonalDetail", column 'PersonalId'.
The statement has been terminated.
2017/11/10 12:59 - The INSERT statement conflicted with the FOREIGN KEY constraint "FK_ATT_Attendance_EMP_PersonalDetail1". The conflict occurred in database "AMS_PM_Attendance", table "dbo.EMP_PersonalDetail", column 'PersonalId'.
The statement has been terminated.
2017/11/10 01:35 - The INSERT statement conflicted with the FOREIGN KEY constraint "FK_ATT_Attendance_EMP_PersonalDetail1". The conflict occurred in database "AMS_PM_Attendance", table "dbo.EMP_PersonalDetail", column 'PersonalId'.
The statement has been terminated.
2017/11/10 01:43 - A network-related or instance-specific error occurred while establishing a connection to SQL Server. The server was not found or was not accessible. Verify that the instance name is correct and that SQL Server is configured to allow remote connections. (provider: Named Pipes Provider, error: 40 - Could not open a connection to SQL Server)
2017/11/10 01:43 - A network-related or instance-specific error occurred while establishing a connection to SQL Server. The server was not found or was not accessible. Verify that the instance name is correct and that SQL Server is configured to allow remote connections. (provider: Named Pipes Provider, error: 40 - Could not open a connection to SQL Server)
2017/11/10 01:44 - The INSERT statement conflicted with the FOREIGN KEY constraint "FK_ATT_Attendance_EMP_PersonalDetail1". The conflict occurred in database "AMS_PM_Attendance", table "dbo.EMP_PersonalDetail", column 'PersonalId'.
The statement has been terminated.
2017/11/10 01:49 - A network-related or instance-specific error occurred while establishing a connection to SQL Server. The server was not found or was not accessible. Verify that the instance name is correct and that SQL Server is configured to allow remote connections. (provider: Named Pipes Provider, error: 40 - Could not open a connection to SQL Server)
2017/11/10 03:36 - Conversion failed when converting date and/or time from character string.
2017/11/12 10:03 - Must declare the scalar variable "@AttendanceDateTime".
2017/11/12 10:04 - Must declare the scalar variable "@AttendanceDateTime".
2017/11/12 10:13 - Must declare the scalar variable "@AttendanceDateTime".
2017/11/12 10:29 - Must declare the scalar variable "@AttendanceDateTime".
2017/11/12 10:31 - Must declare the scalar variable "@AttendanceDateTime".
2017/11/12 10:36 - Must declare the scalar variable "@AttendanceDateTime".
2017/11/12 10:36 - Must declare the scalar variable "@AttendanceDateTime".
2017/11/12 10:37 - Must declare the scalar variable "@AttendanceDateTime".
2017/11/12 10:38 - Must declare the scalar variable "@AttendanceDateTime".
2017/11/12 10:39 - A transport-level error has occurred when receiving results from the server. (provider: TCP Provider, error: 0 - The semaphore timeout period has expired.)
2017/11/12 10:42 - Must declare the scalar variable "@AttendanceDateTime".
2017/11/12 10:46 - Must declare the scalar variable "@AttendanceDateTime".
2017/11/12 10:53 - Conversion failed when converting date and/or time from character string.
2017/11/12 12:35 - A network-related or instance-specific error occurred while establishing a connection to SQL Server. The server was not found or was not accessible. Verify that the instance name is correct and that SQL Server is configured to allow remote connections. (provider: Named Pipes Provider, error: 40 - Could not open a connection to SQL Server)
2017/11/12 03:42 - A network-related or instance-specific error occurred while establishing a connection to SQL Server. The server was not found or was not accessible. Verify that the instance name is correct and that SQL Server is configured to allow remote connections. (provider: Named Pipes Provider, error: 40 - Could not open a connection to SQL Server)
2017/11/12 04:05 - Execution Timeout Expired.  The timeout period elapsed prior to completion of the operation or the server is not responding.
2017/11/12 04:24 - A network-related or instance-specific error occurred while establishing a connection to SQL Server. The server was not found or was not accessible. Verify that the instance name is correct and that SQL Server is configured to allow remote connections. (provider: Named Pipes Provider, error: 40 - Could not open a connection to SQL Server)
2017/11/12 04:58 - Conversion failed when converting date and/or time from character string.
2017/11/12 05:01 - Conversion failed when converting date and/or time from character string.
2017/11/12 05:02 - Conversion failed when converting date and/or time from character string.
2017/11/12 05:07 - Conversion failed when converting date and/or time from character string.
2017/11/12 05:31 - Conversion failed when converting date and/or time from character string.
2017/11/12 05:33 - Conversion failed when converting date and/or time from character string.
2017/11/12 05:34 - Conversion failed when converting date and/or time from character string.
2017/11/12 05:36 - Conversion failed when converting date and/or time from character string.
2017/11/13 10:31 - Conversion failed when converting date and/or time from character string.
2017/11/13 10:33 - Conversion failed when converting date and/or time from character string.
2017/11/13 10:34 - SqlDateTime overflow. Must be between 1/1/1753 12:00:00 AM and 12/31/9999 11:59:59 PM.
2017/11/13 10:34 - Conversion failed when converting date and/or time from character string.
2017/11/13 10:34 - SqlDateTime overflow. Must be between 1/1/1753 12:00:00 AM and 12/31/9999 11:59:59 PM.
2017/11/13 10:35 - Conversion failed when converting date and/or time from character string.
2017/11/13 10:35 - SqlDateTime overflow. Must be between 1/1/1753 12:00:00 AM and 12/31/9999 11:59:59 PM.
2017/11/13 10:37 - Must declare the scalar variable "@IpAddress".
2017/11/13 10:37 - Must declare the scalar variable "@IpAddress".
2017/11/13 10:42 - Conversion failed when converting date and/or time from character string.
2017/11/13 10:43 - SqlDateTime overflow. Must be between 1/1/1753 12:00:00 AM and 12/31/9999 11:59:59 PM.
2017/11/13 10:44 - Conversion failed when converting date and/or time from character string.
2017/11/13 10:45 - SqlDateTime overflow. Must be between 1/1/1753 12:00:00 AM and 12/31/9999 11:59:59 PM.
2017/11/13 10:48 - Conversion failed when converting date and/or time from character string.
2017/11/13 10:51 - Conversion failed when converting date and/or time from character string.
2017/11/13 10:54 - Conversion failed when converting date and/or time from character string.
2017/11/13 10:55 - SqlDateTime overflow. Must be between 1/1/1753 12:00:00 AM and 12/31/9999 11:59:59 PM.
2017/11/13 10:58 - Conversion failed when converting date and/or time from character string.
2017/11/13 11:05 - Conversion failed when converting date and/or time from character string.
2017/11/13 01:56 - SqlDateTime overflow. Must be between 1/1/1753 12:00:00 AM and 12/31/9999 11:59:59 PM.
2017/11/13 02:06 - SqlDateTime overflow. Must be between 1/1/1753 12:00:00 AM and 12/31/9999 11:59:59 PM.
2017/11/13 04:01 - Must declare the scalar variable "@IpAddress".
2017/11/13 04:02 - Must declare the scalar variable "@IpAddress".
2017/11/13 04:03 - Must declare the scalar variable "@IpAddress".
2017/11/13 04:08 - Must declare the scalar variable "@IpAddress".
2017/11/13 04:12 - Must declare the scalar variable "@IpAddress".
2017/11/13 04:25 - Conversion failed when converting date and/or time from character string.
2017/11/13 04:25 - Conversion failed when converting date and/or time from character string.
2017/11/13 04:25 - Conversion failed when converting date and/or time from character string.
2017/11/13 04:25 - Conversion failed when converting date and/or time from character string.
2017/11/13 04:50 - Conversion failed when converting date and/or time from character string.
2017/11/13 04:50 - Conversion failed when converting date and/or time from character string.
2017/11/13 04:50 - Conversion failed when converting date and/or time from character string.
2017/11/13 04:50 - Conversion failed when converting date and/or time from character string.
2017/11/13 05:00 - Conversion failed when converting date and/or time from character string.
2017/11/13 05:00 - Conversion failed when converting date and/or time from character string.
2017/11/13 05:00 - Conversion failed when converting date and/or time from character string.
2017/11/13 05:00 - Conversion failed when converting date and/or time from character string.
2017/11/13 05:10 - Conversion failed when converting date and/or time from character string.
2017/11/13 05:10 - Conversion failed when converting date and/or time from character string.
2017/11/13 05:11 - Conversion failed when converting date and/or time from character string.
2017/11/13 05:11 - Conversion failed when converting date and/or time from character string.
2017/11/13 05:35 - Conversion failed when converting date and/or time from character string.
2017/11/13 05:35 - Conversion failed when converting date and/or time from character string.
2017/11/13 05:35 - Conversion failed when converting date and/or time from character string.
2017/11/13 05:35 - Conversion failed when converting date and/or time from character string.
2017/11/14 10:39 - A transport-level error has occurred when receiving results from the server. (provider: TCP Provider, error: 0 - The semaphore timeout period has expired.)
2017/11/14 12:03 - Conversion failed when converting date and/or time from character string.
2017/11/14 12:03 - Conversion failed when converting date and/or time from character string.
2017/11/14 12:05 - Conversion failed when converting date and/or time from character string.
2017/11/14 01:16 - Conversion failed when converting date and/or time from character string.
2017/11/14 01:24 - Conversion failed when converting date and/or time from character string.
2017/11/14 01:45 - Conversion failed when converting date and/or time from character string.
2017/11/14 01:45 - Conversion failed when converting date and/or time from character string.
2017/11/14 01:45 - Conversion failed when converting date and/or time from character string.
2017/11/14 01:45 - Conversion failed when converting date and/or time from character string.
2017/11/14 01:45 - Conversion failed when converting date and/or time from character string.
2017/11/14 01:45 - Conversion failed when converting date and/or time from character string.
2017/11/14 01:45 - Conversion failed when converting date and/or time from character string.
2017/11/14 05:09 - SqlDateTime overflow. Must be between 1/1/1753 12:00:00 AM and 12/31/9999 11:59:59 PM.
2017/11/14 05:09 - SqlDateTime overflow. Must be between 1/1/1753 12:00:00 AM and 12/31/9999 11:59:59 PM.
2017/11/14 05:09 - SqlDateTime overflow. Must be between 1/1/1753 12:00:00 AM and 12/31/9999 11:59:59 PM.
2017/11/14 05:09 - SqlDateTime overflow. Must be between 1/1/1753 12:00:00 AM and 12/31/9999 11:59:59 PM.
2017/11/14 05:09 - SqlDateTime overflow. Must be between 1/1/1753 12:00:00 AM and 12/31/9999 11:59:59 PM.
2017/11/14 05:09 - SqlDateTime overflow. Must be between 1/1/1753 12:00:00 AM and 12/31/9999 11:59:59 PM.
2017/11/14 05:09 - SqlDateTime overflow. Must be between 1/1/1753 12:00:00 AM and 12/31/9999 11:59:59 PM.
2017/11/14 05:26 - SqlDateTime overflow. Must be between 1/1/1753 12:00:00 AM and 12/31/9999 11:59:59 PM.
2017/11/14 05:26 - SqlDateTime overflow. Must be between 1/1/1753 12:00:00 AM and 12/31/9999 11:59:59 PM.
2017/11/14 05:26 - SqlDateTime overflow. Must be between 1/1/1753 12:00:00 AM and 12/31/9999 11:59:59 PM.
2017/11/14 05:26 - SqlDateTime overflow. Must be between 1/1/1753 12:00:00 AM and 12/31/9999 11:59:59 PM.
2017/11/14 05:26 - SqlDateTime overflow. Must be between 1/1/1753 12:00:00 AM and 12/31/9999 11:59:59 PM.
2017/11/14 05:26 - SqlDateTime overflow. Must be between 1/1/1753 12:00:00 AM and 12/31/9999 11:59:59 PM.
2017/11/14 05:26 - SqlDateTime overflow. Must be between 1/1/1753 12:00:00 AM and 12/31/9999 11:59:59 PM.
2017/11/14 05:27 - A transport-level error has occurred when receiving results from the server. (provider: TCP Provider, error: 0 - The semaphore timeout period has expired.)
2017/11/20 01:28 - SqlDateTime overflow. Must be between 1/1/1753 12:00:00 AM and 12/31/9999 11:59:59 PM.
2017/11/20 01:51 - SqlDateTime overflow. Must be between 1/1/1753 12:00:00 AM and 12/31/9999 11:59:59 PM.
2017/11/20 04:52 - SqlDateTime overflow. Must be between 1/1/1753 12:00:00 AM and 12/31/9999 11:59:59 PM.
2017/11/20 04:56 - SqlDateTime overflow. Must be between 1/1/1753 12:00:00 AM and 12/31/9999 11:59:59 PM.
2017/11/20 04:58 - SqlDateTime overflow. Must be between 1/1/1753 12:00:00 AM and 12/31/9999 11:59:59 PM.
2017/11/20 05:05 - SqlDateTime overflow. Must be between 1/1/1753 12:00:00 AM and 12/31/9999 11:59:59 PM.
2017/11/20 05:06 - SqlDateTime overflow. Must be between 1/1/1753 12:00:00 AM and 12/31/9999 11:59:59 PM.
2017/11/20 05:11 - SqlDateTime overflow. Must be between 1/1/1753 12:00:00 AM and 12/31/9999 11:59:59 PM.
2017/11/20 05:11 - SqlDateTime overflow. Must be between 1/1/1753 12:00:00 AM and 12/31/9999 11:59:59 PM.
2017/11/20 05:13 - SqlDateTime overflow. Must be between 1/1/1753 12:00:00 AM and 12/31/9999 11:59:59 PM.
2018/11/07 07:41 - Login failed for user 'dbuser1'.
